<?xml version="1.0" encoding="UTF-8"?>
<!-- Generated by org.testng.reporters.JUnitXMLReporter -->
<testsuite ignored="1" hostname="PC-9" failures="0" tests="1" name="Default test" time="37.14" errors="0" timestamp="2024-07-30T19:19:52 IST">
  <testcase classname="tests_AssignmentTask_BlocksOne.Test_FooterSection" name="verify_ContactNumber" time="5.887"/>
  <testcase classname="tests_AssignmentTask_BlocksOne.Test_FooterSection" name="verifyFooterSection" time="0.0">
    <ignored/>
  </testcase> <!-- verifyFooterSection -->
</testsuite> <!-- Default test -->
