<?xml version="1.0" encoding="UTF-8"?>
<!-- Generated by org.testng.reporters.JUnitXMLReporter -->
<testsuite ignored="0" hostname="PC-9" failures="0" tests="10" name="Test" time="127.281" errors="0" timestamp="2024-08-01T11:05:45 IST">
  <testcase classname="tests_AssignmentTask_BlocksOne.Test_Tabs" name="verifyNextAndPreviousButtons" time="1.717"/>
  <testcase classname="tests_AssignmentTask_BlocksOne.Test_Tabs" name="verifyIndustryWeServe" time="2.443"/>
  <testcase classname="tests_AssignmentTask_BlocksOne.Test_Tabs" name="verifyLinksAboutUs" time="1.707"/>
  <testcase classname="tests_AssignmentTask_BlocksOne.Test_Tabs" name="verifyLinksCareers" time="3.095"/>
  <testcase classname="tests_AssignmentTask_BlocksOne.Test_Tabs" name="verifyLinksContactUs" time="1.387"/>
  <testcase classname="tests_AssignmentTask_BlocksOne.Test_Tabs" name="verifyLinksServices" time="1.624"/>
  <testcase classname="tests_AssignmentTask_BlocksOne.Test_Tabs" name="verify_DiscoverServices" time="1.312"/>
  <testcase classname="tests_AssignmentTask_BlocksOne.Test_Tabs" name="verify_ExlporeAllProductTab" time="1.817"/>
  <testcase classname="tests_AssignmentTask_BlocksOne.Test_Tabs" name="verify_HomeTab" time="3.195"/>
  <testcase classname="tests_AssignmentTask_BlocksOne.Test_Tabs" name="verify_ProductDropDown" time="3.2"/>
</testsuite> <!-- Test -->
