<?xml version="1.0" encoding="UTF-8"?>
<testng-results ignored="0" total="1" passed="1" failed="0" skipped="0">
  <reporter-output>
  </reporter-output>
  <suite started-at="2024-07-23T00:23:25 IST" name="Default suite" finished-at="2024-07-23T00:24:17 IST" duration-ms="52508">
    <groups>
    </groups>
    <test started-at="2024-07-23T00:23:25 IST" name="Default test" finished-at="2024-07-23T00:24:17 IST" duration-ms="52508">
      <class name="tests_AssignmentTask_BlocksOne.Scenario_Third">
        <test-method is-config="true" signature="open_Browser()[pri:0, instance:tests_AssignmentTask_BlocksOne.Scenario_Third@6cd28fa7]" started-at="2024-07-23T00:23:25 IST" name="open_Browser" finished-at="2024-07-23T00:23:48 IST" duration-ms="23607" status="PASS">
          <reporter-output>
          </reporter-output>
        </test-method> <!-- open_Browser -->
        <test-method signature="remove_A_Product_FromCart()[pri:0, instance:tests_AssignmentTask_BlocksOne.Scenario_Third@6cd28fa7]" started-at="2024-07-23T00:23:48 IST" name="remove_A_Product_FromCart" finished-at="2024-07-23T00:24:17 IST" duration-ms="28659" status="PASS">
          <reporter-output>
          </reporter-output>
        </test-method> <!-- remove_A_Product_FromCart -->
        <test-method is-config="true" signature="close_Browser()[pri:0, instance:tests_AssignmentTask_BlocksOne.Scenario_Third@6cd28fa7]" started-at="2024-07-23T00:24:17 IST" name="close_Browser" finished-at="2024-07-23T00:24:17 IST" duration-ms="181" status="PASS">
          <reporter-output>
          </reporter-output>
        </test-method> <!-- close_Browser -->
      </class> <!-- tests_AssignmentTask_BlocksOne.Scenario_Third -->
    </test> <!-- Default test -->
  </suite> <!-- Default suite -->
</testng-results>
